<?xml version="1.0" encoding="UTF-8"?>
<!-- Generated by org.testng.reporters.JUnitXMLReporter -->
<testsuite hostname="Me-Pc" ignored="3" name="GRP-cc" tests="1" failures="0" timestamp="07 Dec 2018 09:34:38 GMT" time="0.053" errors="0">
  <testcase name="aTest1" time="0.013" classname="com.maven.testng1.ATest1"/>
  <testcase name="aTest3" time="0.0" classname="com.maven.testng1.ATest1">
    <ignored/>
  </testcase> <!-- aTest3 -->
  <testcase name="aTest4" time="0.0" classname="com.maven.testng1.ATest1">
    <ignored/>
  </testcase> <!-- aTest4 -->
  <testcase name="aTest2" time="0.0" classname="com.maven.testng1.ATest1">
    <ignored/>
  </testcase> <!-- aTest2 -->
</testsuite> <!-- GRP-cc -->
