<?xml version="1.0" encoding="UTF-8"?>
<!-- Generated by org.testng.reporters.JUnitXMLReporter -->
<testsuite hostname="Me-Pc" ignored="0" name="Test1" tests="8" failures="0" timestamp="07 Dec 2018 10:01:19 GMT" time="0.027" errors="0">
  <testcase name="cTest1" time="0.002" classname="com.maven.testng3.CTest3"/>
  <testcase name="cTest2" time="0.001" classname="com.maven.testng3.CTest3"/>
  <testcase name="cTest3" time="0.0" classname="com.maven.testng3.CTest3"/>
  <testcase name="cTest4" time="0.001" classname="com.maven.testng3.CTest3"/>
  <testcase name="cTest1" time="0.001" classname="com.maven.testng3.CCTest3"/>
  <testcase name="cTest2" time="0.002" classname="com.maven.testng3.CCTest3"/>
  <testcase name="cTest3" time="0.003" classname="com.maven.testng3.CCTest3"/>
  <testcase name="cTest4" time="0.002" classname="com.maven.testng3.CCTest3"/>
</testsuite> <!-- Test1 -->
