<?xml version="1.0" encoding="UTF-8"?>
<!-- Generated by org.testng.reporters.JUnitXMLReporter -->
<testsuite hostname="Me-Pc" ignored="1" name="Test" tests="36" failures="1" timestamp="07 Dec 2018 10:01:19 GMT" time="5.252" errors="0">
  <testcase name="cTest1" time="0.017" classname="com.maven.testng3.CTest3"/>
  <testcase name="cTest2" time="0.003" classname="com.maven.testng3.CTest3"/>
  <testcase name="cTest3" time="0.002" classname="com.maven.testng3.CTest3"/>
  <testcase name="cTest4" time="0.002" classname="com.maven.testng3.CTest3"/>
  <testcase name="verifyUser" time="0.007" classname="com.maven.testng.AppTest"/>
  <testcase name="verifyUser" time="0.001" classname="com.maven.testng.AppTest"/>
  <testcase name="verifyUser" time="0.002" classname="com.maven.testng.AppTest"/>
  <testcase name="verifyUser" time="0.002" classname="com.maven.testng.AppTest"/>
  <testcase name="verifyUser" time="0.002" classname="com.maven.testng.AppTest"/>
  <testcase name="verifyUser" time="0.001" classname="com.maven.testng.AppTest"/>
  <testcase name="bbTest21" time="0.002" classname="com.maven.testng2.BBTest2"/>
  <testcase name="bbTest22" time="0.001" classname="com.maven.testng2.BBTest2"/>
  <testcase name="bbTest23" time="0.002" classname="com.maven.testng2.BBTest2"/>
  <testcase name="bbTest24" time="0.008" classname="com.maven.testng2.BBTest2"/>
  <testcase name="aTest1" time="0.003" classname="com.maven.testng1.ATest1"/>
  <testcase name="cTest1" time="0.001" classname="com.maven.testng3.CCTest3"/>
  <testcase name="cTest2" time="0.001" classname="com.maven.testng3.CCTest3"/>
  <testcase name="cTest3" time="0.002" classname="com.maven.testng3.CCTest3"/>
  <testcase name="cTest4" time="0.003" classname="com.maven.testng3.CCTest3"/>
  <testcase name="aaTest1" time="0.001" classname="com.maven.testng2.AATest2"/>
  <testcase name="aaTest2" time="0.002" classname="com.maven.testng2.AATest2"/>
  <testcase name="aaTest3" time="0.001" classname="com.maven.testng2.AATest2"/>
  <testcase name="aaTest4" time="0.003" classname="com.maven.testng2.AATest2"/>
  <testcase name="bTest3" time="0.005" classname="com.maven.testng1.BTest1"/>
  <testcase name="bTest3" time="0.001" classname="com.maven.testng1.BTest1"/>
  <testcase name="bTest3" time="0.002" classname="com.maven.testng1.BTest1"/>
  <testcase name="bTest3" time="0.001" classname="com.maven.testng1.BTest1"/>
  <testcase name="bTest3" time="0.002" classname="com.maven.testng1.BTest1"/>
  <testcase name="bTest3" time="0.001" classname="com.maven.testng1.BTest1"/>
  <testcase name="bTest3" time="0.001" classname="com.maven.testng1.BTest1"/>
  <testcase name="bTest3" time="0.001" classname="com.maven.testng1.BTest1"/>
  <testcase name="bTest4" time="0.004" classname="com.maven.testng1.BTest1"/>
  <testcase name="bTest2" time="5.027" classname="com.maven.testng1.BTest1">
    <failure type="org.testng.internal.thread.ThreadTimeoutException" message="Method com.maven.testng1.BTest1.bTest2() didn&amp;apos;t finish within the time-out 5000">
      <![CDATA[org.testng.internal.thread.ThreadTimeoutException: Method com.maven.testng1.BTest1.bTest2() didn't finish within the time-out 5000at java.lang.ThreadGroup.remove(Unknown Source)at java.lang.ThreadGroup.threadTerminated(Unknown Source)at java.lang.Thread.exit(Unknown Source)]]>
    </failure>
  </testcase> <!-- bTest2 -->
  <testcase name="aTest3" time="0.0" classname="com.maven.testng1.ATest1">
    <skipped/>
  </testcase> <!-- aTest3 -->
  <testcase name="aTest2" time="0.0" classname="com.maven.testng1.ATest1">
    <skipped/>
  </testcase> <!-- aTest2 -->
  <testcase name="aTest4" time="0.002" classname="com.maven.testng1.ATest1"/>
  <testcase name="bTest1" time="0.0" classname="com.maven.testng1.BTest1">
    <ignored/>
  </testcase> <!-- bTest1 -->
</testsuite> <!-- Test -->
